# JRE version: OpenJDK Runtime Environment (Zulu 8.52.0.23-CA-win64) (8.0_282-b08) (build 1.8.0_282-b08)
# Java VM: OpenJDK 64-Bit Server VM (25.282-b08 mixed mode windows-amd64 compressed oops)
Heap:
 PSYoungGen      total 142848K, used 92597K [0x00000000d5580000, 0x00000000dec80000, 0x0000000100000000)
  eden space 134144K, 64% used [0x00000000d5580000,0x00000000daa6d550,0x00000000dd880000)
  from space 8704K, 64% used [0x00000000de100000,0x00000000de680000,0x00000000de980000)
  to   space 8704K, 0% used [0x00000000dd880000,0x00000000dd880000,0x00000000de100000)
 ParOldGen       total 51200K, used 10576K [0x0000000080000000, 0x0000000083200000, 0x00000000d5580000)
  object space 51200K, 20% used [0x0000000080000000,0x0000000080a54388,0x0000000083200000)
 Metaspace       used 30314K, capacity 31288K, committed 31616K, reserved 1077248K
  class space    used 3607K, capacity 3864K, committed 3968K, reserved 1048576K
GC Heap History (10 events):
Event: 3.287 GC heap before
{Heap before GC invocations=9 (full 0):
 PSYoungGen      total 71168K, used 5565K [0x00000000d5580000, 0x00000000da280000, 0x0000000100000000)
  eden space 63488K, 1% used [0x00000000d5580000,0x00000000d56bc028,0x00000000d9380000)
  from space 7680K, 56% used [0x00000000d9b00000,0x00000000d9f337d0,0x00000000da280000)
  to   space 7680K, 0% used [0x00000000d9380000,0x00000000d9380000,0x00000000d9b00000)
 ParOldGen       total 87552K, used 5977K [0x0000000080000000, 0x0000000085580000, 0x00000000d5580000)
  object space 87552K, 6% used [0x0000000080000000,0x00000000805d6470,0x0000000085580000)
 Metaspace       used 20791K, capacity 21078K, committed 21296K, reserved 1069056K
  class space    used 2311K, capacity 2425K, committed 2432K, reserved 1048576K
Event: 3.290 GC heap after
Heap after GC invocations=9 (full 0):
 PSYoungGen      total 71168K, used 1940K [0x00000000d5580000, 0x00000000dc900000, 0x0000000100000000)
  eden space 63488K, 0% used [0x00000000d5580000,0x00000000d5580000,0x00000000d9380000)
  from space 7680K, 25% used [0x00000000d9380000,0x00000000d9565350,0x00000000d9b00000)
  to   space 8192K, 0% used [0x00000000dc100000,0x00000000dc100000,0x00000000dc900000)
 ParOldGen       total 87552K, used 7748K [0x0000000080000000, 0x0000000085580000, 0x00000000d5580000)
  object space 87552K, 8% used [0x0000000080000000,0x0000000080791080,0x0000000085580000)
 Metaspace       used 20791K, capacity 21078K, committed 21296K, reserved 1069056K
  class space    used 2311K, capacity 2425K, committed 2432K, reserved 1048576K
}
Event: 3.290 GC heap before
{Heap before GC invocations=10 (full 1):
 PSYoungGen      total 71168K, used 1940K [0x00000000d5580000, 0x00000000dc900000, 0x0000000100000000)
  eden space 63488K, 0% used [0x00000000d5580000,0x00000000d5580000,0x00000000d9380000)
  from space 7680K, 25% used [0x00000000d9380000,0x00000000d9565350,0x00000000d9b00000)
  to   space 8192K, 0% used [0x00000000dc100000,0x00000000dc100000,0x00000000dc900000)
 ParOldGen       total 87552K, used 7748K [0x0000000080000000, 0x0000000085580000, 0x00000000d5580000)
  object space 87552K, 8% used [0x0000000080000000,0x0000000080791080,0x0000000085580000)
 Metaspace       used 20791K, capacity 21078K, committed 21296K, reserved 1069056K
  class space    used 2311K, capacity 2425K, committed 2432K, reserved 1048576K
Event: 3.337 GC heap after
Heap after GC invocations=10 (full 1):
 PSYoungGen      total 71168K, used 0K [0x00000000d5580000, 0x00000000dc900000, 0x0000000100000000)
  eden space 63488K, 0% used [0x00000000d5580000,0x00000000d5580000,0x00000000d9380000)
  from space 7680K, 0% used [0x00000000d9380000,0x00000000d9380000,0x00000000d9b00000)
  to   space 8192K, 0% used [0x00000000dc100000,0x00000000dc100000,0x00000000dc900000)
 ParOldGen       total 51200K, used 8320K [0x0000000080000000, 0x0000000083200000, 0x00000000d5580000)
  object space 51200K, 16% used [0x0000000080000000,0x0000000080820128,0x0000000083200000)
 Metaspace       used 20791K, capacity 21078K, committed 21296K, reserved 1069056K
  class space    used 2311K, capacity 2425K, committed 2432K, reserved 1048576K
}
Event: 3.657 GC heap before
{Heap before GC invocations=11 (full 1):
 PSYoungGen      total 71168K, used 63488K [0x00000000d5580000, 0x00000000dc900000, 0x0000000100000000)
  eden space 63488K, 100% used [0x00000000d5580000,0x00000000d9380000,0x00000000d9380000)
  from space 7680K, 0% used [0x00000000d9380000,0x00000000d9380000,0x00000000d9b00000)
  to   space 8192K, 0% used [0x00000000dc100000,0x00000000dc100000,0x00000000dc900000)
 ParOldGen       total 51200K, used 8320K [0x0000000080000000, 0x0000000083200000, 0x00000000d5580000)
  object space 51200K, 16% used [0x0000000080000000,0x0000000080820128,0x0000000083200000)
 Metaspace       used 21888K, capacity 22206K, committed 22448K, reserved 1069056K
  class space    used 2417K, capacity 2542K, committed 2560K, reserved 1048576K
Event: 3.659 GC heap after
Heap after GC invocations=11 (full 1):
 PSYoungGen      total 96256K, used 2561K [0x00000000d5580000, 0x00000000dc400000, 0x0000000100000000)
  eden space 93184K, 0% used [0x00000000d5580000,0x00000000d5580000,0x00000000db080000)
  from space 3072K, 83% used [0x00000000dc100000,0x00000000dc3805a8,0x00000000dc400000)
  to   space 8192K, 0% used [0x00000000db400000,0x00000000db400000,0x00000000dbc00000)
 ParOldGen       total 51200K, used 8328K [0x0000000080000000, 0x0000000083200000, 0x00000000d5580000)
  object space 51200K, 16% used [0x0000000080000000,0x0000000080822128,0x0000000083200000)
 Metaspace       used 21888K, capacity 22206K, committed 22448K, reserved 1069056K
  class space    used 2417K, capacity 2542K, committed 2560K, reserved 1048576K
}
Event: 3.955 GC heap before
{Heap before GC invocations=12 (full 1):
 PSYoungGen      total 96256K, used 95745K [0x00000000d5580000, 0x00000000dc400000, 0x0000000100000000)
  eden space 93184K, 100% used [0x00000000d5580000,0x00000000db080000,0x00000000db080000)
  from space 3072K, 83% used [0x00000000dc100000,0x00000000dc3805a8,0x00000000dc400000)
  to   space 8192K, 0% used [0x00000000db400000,0x00000000db400000,0x00000000dbc00000)
 ParOldGen       total 51200K, used 8328K [0x0000000080000000, 0x0000000083200000, 0x00000000d5580000)
  object space 51200K, 16% used [0x0000000080000000,0x0000000080822128,0x0000000083200000)
 Metaspace       used 22155K, capacity 22462K, committed 22704K, reserved 1069056K
  class space    used 2426K, capacity 2542K, committed 2560K, reserved 1048576K
Event: 3.957 GC heap after
Heap after GC invocations=12 (full 1):
 PSYoungGen      total 104960K, used 481K [0x00000000d5580000, 0x00000000de980000, 0x0000000100000000)
  eden space 96768K, 0% used [0x00000000d5580000,0x00000000d5580000,0x00000000db400000)
  from space 8192K, 5% used [0x00000000db400000,0x00000000db4785d0,0x00000000dbc00000)
  to   space 8704K, 0% used [0x00000000de100000,0x00000000de100000,0x00000000de980000)
 ParOldGen       total 51200K, used 10448K [0x0000000080000000, 0x0000000083200000, 0x00000000d5580000)
  object space 51200K, 20% used [0x0000000080000000,0x0000000080a34368,0x0000000083200000)
 Metaspace       used 22155K, capacity 22462K, committed 22704K, reserved 1069056K
  class space    used 2426K, capacity 2542K, committed 2560K, reserved 1048576K
}
Event: 4.379 GC heap before
{Heap before GC invocations=13 (full 1):
 PSYoungGen      total 104960K, used 97249K [0x00000000d5580000, 0x00000000de980000, 0x0000000100000000)
  eden space 96768K, 100% used [0x00000000d5580000,0x00000000db400000,0x00000000db400000)
  from space 8192K, 5% used [0x00000000db400000,0x00000000db4785d0,0x00000000dbc00000)
  to   space 8704K, 0% used [0x00000000de100000,0x00000000de100000,0x00000000de980000)
 ParOldGen       total 51200K, used 10448K [0x0000000080000000, 0x0000000083200000, 0x00000000d5580000)
  object space 51200K, 20% used [0x0000000080000000,0x0000000080a34368,0x0000000083200000)
 Metaspace       used 23938K, capacity 24380K, committed 24704K, reserved 1071104K
  class space    used 2706K, capacity 2839K, committed 2944K, reserved 1048576K
Event: 4.385 GC heap after
Heap after GC invocations=13 (full 1):
 PSYoungGen      total 142848K, used 5632K [0x00000000d5580000, 0x00000000dec80000, 0x0000000100000000)
  eden space 134144K, 0% used [0x00000000d5580000,0x00000000d5580000,0x00000000dd880000)
  from space 8704K, 64% used [0x00000000de100000,0x00000000de680000,0x00000000de980000)
  to   space 8704K, 0% used [0x00000000dd880000,0x00000000dd880000,0x00000000de100000)
 ParOldGen       total 51200K, used 10576K [0x0000000080000000, 0x0000000083200000, 0x00000000d5580000)
  object space 51200K, 20% used [0x0000000080000000,0x0000000080a54388,0x0000000083200000)
 Metaspace       used 23938K, capacity 24380K, committed 24704K, reserved 1071104K
  class space    used 2706K, capacity 2839K, committed 2944K, reserved 1048576K
}

