# JRE version: OpenJDK Runtime Environment (Zulu 8.52.0.23-CA-win64) (8.0_282-b08) (build 1.8.0_282-b08)
# Java VM: OpenJDK 64-Bit Server VM (25.282-b08 mixed mode windows-amd64 compressed oops)
Heap:
 PSYoungGen      total 137728K, used 97340K [0x00000000d5580000, 0x00000000de380000, 0x0000000100000000)
  eden space 130048K, 72% used [0x00000000d5580000,0x00000000db13dd00,0x00000000dd480000)
  from space 7680K, 44% used [0x00000000dd480000,0x00000000dd7d16f0,0x00000000ddc00000)
  to   space 7168K, 0% used [0x00000000ddc80000,0x00000000ddc80000,0x00000000de380000)
 ParOldGen       total 58880K, used 8600K [0x0000000080000000, 0x0000000083980000, 0x00000000d5580000)
  object space 58880K, 14% used [0x0000000080000000,0x00000000808661e8,0x0000000083980000)
 Metaspace       used 24883K, capacity 25262K, committed 25600K, reserved 1071104K
  class space    used 2845K, capacity 2981K, committed 3072K, reserved 1048576K
GC Heap History (10 events):
Event: 1.786 GC heap before
{Heap before GC invocations=6 (full 0):
 PSYoungGen      total 38400K, used 38378K [0x00000000d5580000, 0x00000000da280000, 0x0000000100000000)
  eden space 33280K, 100% used [0x00000000d5580000,0x00000000d7600000,0x00000000d7600000)
  from space 5120K, 99% used [0x00000000d7600000,0x00000000d7afa9b0,0x00000000d7b00000)
  to   space 6144K, 0% used [0x00000000d9c80000,0x00000000d9c80000,0x00000000da280000)
 ParOldGen       total 87552K, used 875K [0x0000000080000000, 0x0000000085580000, 0x00000000d5580000)
  object space 87552K, 1% used [0x0000000080000000,0x00000000800daec8,0x0000000085580000)
 Metaspace       used 16377K, capacity 16646K, committed 17024K, reserved 1064960K
  class space    used 1722K, capacity 1846K, committed 1920K, reserved 1048576K
Event: 1.790 GC heap after
Heap after GC invocations=6 (full 0):
 PSYoungGen      total 71168K, used 6125K [0x00000000d5580000, 0x00000000da580000, 0x0000000100000000)
  eden space 65024K, 0% used [0x00000000d5580000,0x00000000d5580000,0x00000000d9500000)
  from space 6144K, 99% used [0x00000000d9c80000,0x00000000da27b658,0x00000000da280000)
  to   space 7680K, 0% used [0x00000000d9500000,0x00000000d9500000,0x00000000d9c80000)
 ParOldGen       total 87552K, used 2477K [0x0000000080000000, 0x0000000085580000, 0x00000000d5580000)
  object space 87552K, 2% used [0x0000000080000000,0x000000008026b778,0x0000000085580000)
 Metaspace       used 16377K, capacity 16646K, committed 17024K, reserved 1064960K
  class space    used 1722K, capacity 1846K, committed 1920K, reserved 1048576K
}
Event: 2.262 GC heap before
{Heap before GC invocations=7 (full 0):
 PSYoungGen      total 71168K, used 71149K [0x00000000d5580000, 0x00000000da580000, 0x0000000100000000)
  eden space 65024K, 100% used [0x00000000d5580000,0x00000000d9500000,0x00000000d9500000)
  from space 6144K, 99% used [0x00000000d9c80000,0x00000000da27b658,0x00000000da280000)
  to   space 7680K, 0% used [0x00000000d9500000,0x00000000d9500000,0x00000000d9c80000)
 ParOldGen       total 87552K, used 2477K [0x0000000080000000, 0x0000000085580000, 0x00000000d5580000)
  object space 87552K, 2% used [0x0000000080000000,0x000000008026b778,0x0000000085580000)
 Metaspace       used 19979K, capacity 20228K, committed 20608K, reserved 1067008K
  class space    used 2211K, capacity 2316K, committed 2432K, reserved 1048576K
Event: 2.268 GC heap after
Heap after GC invocations=7 (full 0):
 PSYoungGen      total 72704K, used 6409K [0x00000000d5580000, 0x00000000de480000, 0x0000000100000000)
  eden space 65024K, 0% used [0x00000000d5580000,0x00000000d5580000,0x00000000d9500000)
  from space 7680K, 83% used [0x00000000d9500000,0x00000000d9b42668,0x00000000d9c80000)
  to   space 8192K, 0% used [0x00000000ddc80000,0x00000000ddc80000,0x00000000de480000)
 ParOldGen       total 87552K, used 5911K [0x0000000080000000, 0x0000000085580000, 0x00000000d5580000)
  object space 87552K, 6% used [0x0000000080000000,0x00000000805c5c28,0x0000000085580000)
 Metaspace       used 19979K, capacity 20228K, committed 20608K, reserved 1067008K
  class space    used 2211K, capacity 2316K, committed 2432K, reserved 1048576K
}
Event: 2.354 GC heap before
{Heap before GC invocations=8 (full 0):
 PSYoungGen      total 72704K, used 23261K [0x00000000d5580000, 0x00000000de480000, 0x0000000100000000)
  eden space 65024K, 25% used [0x00000000d5580000,0x00000000d65f5050,0x00000000d9500000)
  from space 7680K, 83% used [0x00000000d9500000,0x00000000d9b42668,0x00000000d9c80000)
  to   space 8192K, 0% used [0x00000000ddc80000,0x00000000ddc80000,0x00000000de480000)
 ParOldGen       total 87552K, used 5911K [0x0000000080000000, 0x0000000085580000, 0x00000000d5580000)
  object space 87552K, 6% used [0x0000000080000000,0x00000000805c5c28,0x0000000085580000)
 Metaspace       used 20849K, capacity 21136K, committed 21296K, reserved 1069056K
  class space    used 2313K, capacity 2425K, committed 2432K, reserved 1048576K
Event: 2.357 GC heap after
Heap after GC invocations=8 (full 0):
 PSYoungGen      total 137216K, used 4372K [0x00000000d5580000, 0x00000000de380000, 0x0000000100000000)
  eden space 130048K, 0% used [0x00000000d5580000,0x00000000d5580000,0x00000000dd480000)
  from space 7168K, 61% used [0x00000000ddc80000,0x00000000de0c5350,0x00000000de380000)
  to   space 7680K, 0% used [0x00000000dd480000,0x00000000dd480000,0x00000000ddc00000)
 ParOldGen       total 87552K, used 6499K [0x0000000080000000, 0x0000000085580000, 0x00000000d5580000)
  object space 87552K, 7% used [0x0000000080000000,0x0000000080658d28,0x0000000085580000)
 Metaspace       used 20849K, capacity 21136K, committed 21296K, reserved 1069056K
  class space    used 2313K, capacity 2425K, committed 2432K, reserved 1048576K
}
Event: 2.357 GC heap before
{Heap before GC invocations=9 (full 1):
 PSYoungGen      total 137216K, used 4372K [0x00000000d5580000, 0x00000000de380000, 0x0000000100000000)
  eden space 130048K, 0% used [0x00000000d5580000,0x00000000d5580000,0x00000000dd480000)
  from space 7168K, 61% used [0x00000000ddc80000,0x00000000de0c5350,0x00000000de380000)
  to   space 7680K, 0% used [0x00000000dd480000,0x00000000dd480000,0x00000000ddc00000)
 ParOldGen       total 87552K, used 6499K [0x0000000080000000, 0x0000000085580000, 0x00000000d5580000)
  object space 87552K, 7% used [0x0000000080000000,0x0000000080658d28,0x0000000085580000)
 Metaspace       used 20849K, capacity 21136K, committed 21296K, reserved 1069056K
  class space    used 2313K, capacity 2425K, committed 2432K, reserved 1048576K
Event: 2.390 GC heap after
Event: 2.988 GC heap before
Event: 2.990 GC heap after

