# JRE version: OpenJDK Runtime Environment (Zulu 8.52.0.23-CA-win64) (8.0_282-b08) (build 1.8.0_282-b08)
# Java VM: OpenJDK 64-Bit Server VM (25.282-b08 mixed mode windows-amd64 compressed oops)
Heap:
 PSYoungGen      total 114176K, used 51469K [0x00000000d5580000, 0x00000000de200000, 0x0000000100000000)
  eden space 105984K, 40% used [0x00000000d5580000,0x00000000d7fc8270,0x00000000dbd00000)
  from space 8192K, 99% used [0x00000000dc680000,0x00000000dce7b490,0x00000000dce80000)
  to   space 9728K, 0% used [0x00000000dbd00000,0x00000000dbd00000,0x00000000dc680000)
 ParOldGen       total 59904K, used 12108K [0x0000000080000000, 0x0000000083a80000, 0x00000000d5580000)
  object space 59904K, 20% used [0x0000000080000000,0x0000000080bd3380,0x0000000083a80000)
 Metaspace       used 30403K, capacity 31324K, committed 31616K, reserved 1077248K
  class space    used 3624K, capacity 3871K, committed 3968K, reserved 1048576K
GC Heap History (10 events):
Event: 3.268 GC heap before
{Heap before GC invocations=9 (full 0):
 PSYoungGen      total 70144K, used 24443K [0x00000000d5580000, 0x00000000da180000, 0x0000000100000000)
  eden space 62464K, 32% used [0x00000000d5580000,0x00000000d6905a00,0x00000000d9280000)
  from space 7680K, 57% used [0x00000000d9a00000,0x00000000d9e59290,0x00000000da180000)
  to   space 7680K, 0% used [0x00000000d9280000,0x00000000d9280000,0x00000000d9a00000)
 ParOldGen       total 87552K, used 6476K [0x0000000080000000, 0x0000000085580000, 0x00000000d5580000)
  object space 87552K, 7% used [0x0000000080000000,0x0000000080653108,0x0000000085580000)
 Metaspace       used 20839K, capacity 21136K, committed 21296K, reserved 1069056K
  class space    used 2313K, capacity 2425K, committed 2432K, reserved 1048576K
Event: 3.271 GC heap after
Heap after GC invocations=9 (full 0):
 PSYoungGen      total 70144K, used 2164K [0x00000000d5580000, 0x00000000dc680000, 0x0000000100000000)
  eden space 62464K, 0% used [0x00000000d5580000,0x00000000d5580000,0x00000000d9280000)
  from space 7680K, 28% used [0x00000000d9280000,0x00000000d949d350,0x00000000d9a00000)
  to   space 7680K, 0% used [0x00000000dbf00000,0x00000000dbf00000,0x00000000dc680000)
 ParOldGen       total 87552K, used 8724K [0x0000000080000000, 0x0000000085580000, 0x00000000d5580000)
  object space 87552K, 9% used [0x0000000080000000,0x00000000808851c8,0x0000000085580000)
 Metaspace       used 20839K, capacity 21136K, committed 21296K, reserved 1069056K
  class space    used 2313K, capacity 2425K, committed 2432K, reserved 1048576K
}
Event: 3.271 GC heap before
{Heap before GC invocations=10 (full 1):
 PSYoungGen      total 70144K, used 2164K [0x00000000d5580000, 0x00000000dc680000, 0x0000000100000000)
  eden space 62464K, 0% used [0x00000000d5580000,0x00000000d5580000,0x00000000d9280000)
  from space 7680K, 28% used [0x00000000d9280000,0x00000000d949d350,0x00000000d9a00000)
  to   space 7680K, 0% used [0x00000000dbf00000,0x00000000dbf00000,0x00000000dc680000)
 ParOldGen       total 87552K, used 8724K [0x0000000080000000, 0x0000000085580000, 0x00000000d5580000)
  object space 87552K, 9% used [0x0000000080000000,0x00000000808851c8,0x0000000085580000)
 Metaspace       used 20839K, capacity 21136K, committed 21296K, reserved 1069056K
  class space    used 2313K, capacity 2425K, committed 2432K, reserved 1048576K
Event: 3.309 GC heap after
Heap after GC invocations=10 (full 1):
 PSYoungGen      total 70144K, used 0K [0x00000000d5580000, 0x00000000dc680000, 0x0000000100000000)
  eden space 62464K, 0% used [0x00000000d5580000,0x00000000d5580000,0x00000000d9280000)
  from space 7680K, 0% used [0x00000000d9280000,0x00000000d9280000,0x00000000d9a00000)
  to   space 7680K, 0% used [0x00000000dbf00000,0x00000000dbf00000,0x00000000dc680000)
 ParOldGen       total 59904K, used 8595K [0x0000000080000000, 0x0000000083a80000, 0x00000000d5580000)
  object space 59904K, 14% used [0x0000000080000000,0x0000000080864db0,0x0000000083a80000)
 Metaspace       used 20839K, capacity 21136K, committed 21296K, reserved 1069056K
  class space    used 2313K, capacity 2425K, committed 2432K, reserved 1048576K
}
Event: 3.697 GC heap before
{Heap before GC invocations=11 (full 1):
 PSYoungGen      total 70144K, used 62464K [0x00000000d5580000, 0x00000000dc680000, 0x0000000100000000)
  eden space 62464K, 100% used [0x00000000d5580000,0x00000000d9280000,0x00000000d9280000)
  from space 7680K, 0% used [0x00000000d9280000,0x00000000d9280000,0x00000000d9a00000)
  to   space 7680K, 0% used [0x00000000dbf00000,0x00000000dbf00000,0x00000000dc680000)
 ParOldGen       total 59904K, used 8595K [0x0000000080000000, 0x0000000083a80000, 0x00000000d5580000)
  object space 59904K, 14% used [0x0000000080000000,0x0000000080864db0,0x0000000083a80000)
 Metaspace       used 22104K, capacity 22464K, committed 22832K, reserved 1069056K
  class space    used 2444K, capacity 2582K, committed 2688K, reserved 1048576K
Event: 3.700 GC heap after
Heap after GC invocations=11 (full 1):
 PSYoungGen      total 86016K, used 3127K [0x00000000d5580000, 0x00000000dc280000, 0x0000000100000000)
  eden space 82432K, 0% used [0x00000000d5580000,0x00000000d5580000,0x00000000da600000)
  from space 3584K, 87% used [0x00000000dbf00000,0x00000000dc20de78,0x00000000dc280000)
  to   space 7680K, 0% used [0x00000000db380000,0x00000000db380000,0x00000000dbb00000)
 ParOldGen       total 59904K, used 8603K [0x0000000080000000, 0x0000000083a80000, 0x00000000d5580000)
  object space 59904K, 14% used [0x0000000080000000,0x0000000080866db0,0x0000000083a80000)
 Metaspace       used 22104K, capacity 22464K, committed 22832K, reserved 1069056K
  class space    used 2444K, capacity 2582K, committed 2688K, reserved 1048576K
}
Event: 4.016 GC heap before
{Heap before GC invocations=12 (full 1):
 PSYoungGen      total 86016K, used 85559K [0x00000000d5580000, 0x00000000dc280000, 0x0000000100000000)
  eden space 82432K, 100% used [0x00000000d5580000,0x00000000da600000,0x00000000da600000)
  from space 3584K, 87% used [0x00000000dbf00000,0x00000000dc20de78,0x00000000dc280000)
  to   space 7680K, 0% used [0x00000000db380000,0x00000000db380000,0x00000000dbb00000)
 ParOldGen       total 59904K, used 8603K [0x0000000080000000, 0x0000000083a80000, 0x00000000d5580000)
  object space 59904K, 14% used [0x0000000080000000,0x0000000080866db0,0x0000000083a80000)
 Metaspace       used 22432K, capacity 22784K, committed 23088K, reserved 1069056K
  class space    used 2462K, capacity 2582K, committed 2688K, reserved 1048576K
Event: 4.019 GC heap after
Heap after GC invocations=12 (full 1):
 PSYoungGen      total 103936K, used 1249K [0x00000000d5580000, 0x00000000dce80000, 0x0000000100000000)
  eden space 96256K, 0% used [0x00000000d5580000,0x00000000d5580000,0x00000000db380000)
  from space 7680K, 16% used [0x00000000db380000,0x00000000db4b85d0,0x00000000dbb00000)
  to   space 8192K, 0% used [0x00000000dc680000,0x00000000dc680000,0x00000000dce80000)
 ParOldGen       total 59904K, used 10923K [0x0000000080000000, 0x0000000083a80000, 0x00000000d5580000)
  object space 59904K, 18% used [0x0000000080000000,0x0000000080aaae40,0x0000000083a80000)
 Metaspace       used 22432K, capacity 22784K, committed 23088K, reserved 1069056K
  class space    used 2462K, capacity 2582K, committed 2688K, reserved 1048576K
}
Event: 4.873 GC heap before
{Heap before GC invocations=13 (full 1):
 PSYoungGen      total 103936K, used 97505K [0x00000000d5580000, 0x00000000dce80000, 0x0000000100000000)
  eden space 96256K, 100% used [0x00000000d5580000,0x00000000db380000,0x00000000db380000)
  from space 7680K, 16% used [0x00000000db380000,0x00000000db4b85d0,0x00000000dbb00000)
  to   space 8192K, 0% used [0x00000000dc680000,0x00000000dc680000,0x00000000dce80000)
 ParOldGen       total 59904K, used 10923K [0x0000000080000000, 0x0000000083a80000, 0x00000000d5580000)
  object space 59904K, 18% used [0x0000000080000000,0x0000000080aaae40,0x0000000083a80000)
 Metaspace       used 26676K, capacity 27140K, committed 27392K, reserved 1073152K
  class space    used 3080K, capacity 3256K, committed 3328K, reserved 1048576K
Event: 4.880 GC heap after
Heap after GC invocations=13 (full 1):
 PSYoungGen      total 114176K, used 8173K [0x00000000d5580000, 0x00000000de200000, 0x0000000100000000)
  eden space 105984K, 0% used [0x00000000d5580000,0x00000000d5580000,0x00000000dbd00000)
  from space 8192K, 99% used [0x00000000dc680000,0x00000000dce7b490,0x00000000dce80000)
  to   space 9728K, 0% used [0x00000000dbd00000,0x00000000dbd00000,0x00000000dc680000)
 ParOldGen       total 59904K, used 12108K [0x0000000080000000, 0x0000000083a80000, 0x00000000d5580000)
  object space 59904K, 20% used [0x0000000080000000,0x0000000080bd3380,0x0000000083a80000)
 Metaspace       used 26676K, capacity 27140K, committed 27392K, reserved 1073152K
  class space    used 3080K, capacity 3256K, committed 3328K, reserved 1048576K
}

