# JRE version: OpenJDK Runtime Environment (Zulu 8.52.0.23-CA-win64) (8.0_282-b08) (build 1.8.0_282-b08)
# Java VM: OpenJDK 64-Bit Server VM (25.282-b08 mixed mode windows-amd64 compressed oops)
Heap:
 PSYoungGen      total 137728K, used 122302K [0x00000000d5580000, 0x00000000de380000, 0x0000000100000000)
  eden space 130048K, 91% used [0x00000000d5580000,0x00000000dc9a1738,0x00000000dd480000)
  from space 7680K, 44% used [0x00000000dd480000,0x00000000dd7ce130,0x00000000ddc00000)
  to   space 7168K, 0% used [0x00000000ddc80000,0x00000000ddc80000,0x00000000de380000)
 ParOldGen       total 58880K, used 8602K [0x0000000080000000, 0x0000000083980000, 0x00000000d5580000)
  object space 58880K, 14% used [0x0000000080000000,0x0000000080866b30,0x0000000083980000)
 Metaspace       used 27097K, capacity 27572K, committed 27904K, reserved 1073152K
  class space    used 3135K, capacity 3292K, committed 3328K, reserved 1048576K
GC Heap History (10 events):
Event: 1.796 GC heap before
{Heap before GC invocations=6 (full 0):
 PSYoungGen      total 38400K, used 38377K [0x00000000d5580000, 0x00000000da280000, 0x0000000100000000)
  eden space 33280K, 100% used [0x00000000d5580000,0x00000000d7600000,0x00000000d7600000)
  from space 5120K, 99% used [0x00000000d7600000,0x00000000d7afa528,0x00000000d7b00000)
  to   space 6144K, 0% used [0x00000000d9c80000,0x00000000d9c80000,0x00000000da280000)
 ParOldGen       total 87552K, used 821K [0x0000000080000000, 0x0000000085580000, 0x00000000d5580000)
  object space 87552K, 0% used [0x0000000080000000,0x00000000800cd738,0x0000000085580000)
 Metaspace       used 16369K, capacity 16646K, committed 17024K, reserved 1064960K
  class space    used 1721K, capacity 1846K, committed 1920K, reserved 1048576K
Event: 1.801 GC heap after
Heap after GC invocations=6 (full 0):
 PSYoungGen      total 71168K, used 6141K [0x00000000d5580000, 0x00000000da580000, 0x0000000100000000)
  eden space 65024K, 0% used [0x00000000d5580000,0x00000000d5580000,0x00000000d9500000)
  from space 6144K, 99% used [0x00000000d9c80000,0x00000000da27f688,0x00000000da280000)
  to   space 7680K, 0% used [0x00000000d9500000,0x00000000d9500000,0x00000000d9c80000)
 ParOldGen       total 87552K, used 2451K [0x0000000080000000, 0x0000000085580000, 0x00000000d5580000)
  object space 87552K, 2% used [0x0000000080000000,0x0000000080264c90,0x0000000085580000)
 Metaspace       used 16369K, capacity 16646K, committed 17024K, reserved 1064960K
  class space    used 1721K, capacity 1846K, committed 1920K, reserved 1048576K
}
Event: 2.273 GC heap before
{Heap before GC invocations=7 (full 0):
 PSYoungGen      total 71168K, used 71165K [0x00000000d5580000, 0x00000000da580000, 0x0000000100000000)
  eden space 65024K, 100% used [0x00000000d5580000,0x00000000d9500000,0x00000000d9500000)
  from space 6144K, 99% used [0x00000000d9c80000,0x00000000da27f688,0x00000000da280000)
  to   space 7680K, 0% used [0x00000000d9500000,0x00000000d9500000,0x00000000d9c80000)
 ParOldGen       total 87552K, used 2451K [0x0000000080000000, 0x0000000085580000, 0x00000000d5580000)
  object space 87552K, 2% used [0x0000000080000000,0x0000000080264c90,0x0000000085580000)
 Metaspace       used 19967K, capacity 20228K, committed 20608K, reserved 1067008K
  class space    used 2210K, capacity 2316K, committed 2432K, reserved 1048576K
Event: 2.280 GC heap after
Heap after GC invocations=7 (full 0):
 PSYoungGen      total 72704K, used 6350K [0x00000000d5580000, 0x00000000de480000, 0x0000000100000000)
  eden space 65024K, 0% used [0x00000000d5580000,0x00000000d5580000,0x00000000d9500000)
  from space 7680K, 82% used [0x00000000d9500000,0x00000000d9b33bf0,0x00000000d9c80000)
  to   space 8192K, 0% used [0x00000000ddc80000,0x00000000ddc80000,0x00000000de480000)
 ParOldGen       total 87552K, used 5896K [0x0000000080000000, 0x0000000085580000, 0x00000000d5580000)
  object space 87552K, 6% used [0x0000000080000000,0x00000000805c2208,0x0000000085580000)
 Metaspace       used 19967K, capacity 20228K, committed 20608K, reserved 1067008K
  class space    used 2210K, capacity 2316K, committed 2432K, reserved 1048576K
}
Event: 2.368 GC heap before
{Heap before GC invocations=8 (full 0):
 PSYoungGen      total 72704K, used 23248K [0x00000000d5580000, 0x00000000de480000, 0x0000000100000000)
  eden space 65024K, 25% used [0x00000000d5580000,0x00000000d6600458,0x00000000d9500000)
  from space 7680K, 82% used [0x00000000d9500000,0x00000000d9b33bf0,0x00000000d9c80000)
  to   space 8192K, 0% used [0x00000000ddc80000,0x00000000ddc80000,0x00000000de480000)
 ParOldGen       total 87552K, used 5896K [0x0000000080000000, 0x0000000085580000, 0x00000000d5580000)
  object space 87552K, 6% used [0x0000000080000000,0x00000000805c2208,0x0000000085580000)
 Metaspace       used 20844K, capacity 21136K, committed 21296K, reserved 1069056K
  class space    used 2313K, capacity 2425K, committed 2432K, reserved 1048576K
Event: 2.372 GC heap after
Heap after GC invocations=8 (full 0):
 PSYoungGen      total 137216K, used 4326K [0x00000000d5580000, 0x00000000de380000, 0x0000000100000000)
  eden space 130048K, 0% used [0x00000000d5580000,0x00000000d5580000,0x00000000dd480000)
  from space 7168K, 60% used [0x00000000ddc80000,0x00000000de0b98b8,0x00000000de380000)
  to   space 7680K, 0% used [0x00000000dd480000,0x00000000dd480000,0x00000000ddc00000)
 ParOldGen       total 87552K, used 6492K [0x0000000080000000, 0x0000000085580000, 0x00000000d5580000)
  object space 87552K, 7% used [0x0000000080000000,0x0000000080657308,0x0000000085580000)
 Metaspace       used 20844K, capacity 21136K, committed 21296K, reserved 1069056K
  class space    used 2313K, capacity 2425K, committed 2432K, reserved 1048576K
}
Event: 2.372 GC heap before
{Heap before GC invocations=9 (full 1):
 PSYoungGen      total 137216K, used 4326K [0x00000000d5580000, 0x00000000de380000, 0x0000000100000000)
  eden space 130048K, 0% used [0x00000000d5580000,0x00000000d5580000,0x00000000dd480000)
  from space 7168K, 60% used [0x00000000ddc80000,0x00000000de0b98b8,0x00000000de380000)
  to   space 7680K, 0% used [0x00000000dd480000,0x00000000dd480000,0x00000000ddc00000)
 ParOldGen       total 87552K, used 6492K [0x0000000080000000, 0x0000000085580000, 0x00000000d5580000)
  object space 87552K, 7% used [0x0000000080000000,0x0000000080657308,0x0000000085580000)
 Metaspace       used 20844K, capacity 21136K, committed 21296K, reserved 1069056K
  class space    used 2313K, capacity 2425K, committed 2432K, reserved 1048576K
Event: 2.407 GC heap after
Heap after GC invocations=9 (full 1):
 PSYoungGen      total 137216K, used 0K [0x00000000d5580000, 0x00000000de380000, 0x0000000100000000)
  eden space 130048K, 0% used [0x00000000d5580000,0x00000000d5580000,0x00000000dd480000)
  from space 7168K, 0% used [0x00000000ddc80000,0x00000000ddc80000,0x00000000de380000)
  to   space 7680K, 0% used [0x00000000dd480000,0x00000000dd480000,0x00000000ddc00000)
 ParOldGen       total 58880K, used 8594K [0x0000000080000000, 0x0000000083980000, 0x00000000d5580000)
  object space 58880K, 14% used [0x0000000080000000,0x0000000080864b30,0x0000000083980000)
 Metaspace       used 20844K, capacity 21136K, committed 21296K, reserved 1069056K
  class space    used 2313K, capacity 2425K, committed 2432K, reserved 1048576K
}
Event: 3.008 GC heap before
{Heap before GC invocations=10 (full 1):
 PSYoungGen      total 137216K, used 130048K [0x00000000d5580000, 0x00000000de380000, 0x0000000100000000)
  eden space 130048K, 100% used [0x00000000d5580000,0x00000000dd480000,0x00000000dd480000)
  from space 7168K, 0% used [0x00000000ddc80000,0x00000000ddc80000,0x00000000de380000)
  to   space 7680K, 0% used [0x00000000dd480000,0x00000000dd480000,0x00000000ddc00000)
 ParOldGen       total 58880K, used 8594K [0x0000000080000000, 0x0000000083980000, 0x00000000d5580000)
  object space 58880K, 14% used [0x0000000080000000,0x0000000080864b30,0x0000000083980000)
 Metaspace       used 22359K, capacity 22656K, committed 22832K, reserved 1069056K
  class space    used 2452K, capacity 2582K, committed 2688K, reserved 1048576K
Event: 3.010 GC heap after
Heap after GC invocations=10 (full 1):
 PSYoungGen      total 137728K, used 3384K [0x00000000d5580000, 0x00000000de380000, 0x0000000100000000)
  eden space 130048K, 0% used [0x00000000d5580000,0x00000000d5580000,0x00000000dd480000)
  from space 7680K, 44% used [0x00000000dd480000,0x00000000dd7ce130,0x00000000ddc00000)
  to   space 7168K, 0% used [0x00000000ddc80000,0x00000000ddc80000,0x00000000de380000)
 ParOldGen       total 58880K, used 8602K [0x0000000080000000, 0x0000000083980000, 0x00000000d5580000)
  object space 58880K, 14% used [0x0000000080000000,0x0000000080866b30,0x0000000083980000)
 Metaspace       used 22359K, capacity 22656K, committed 22832K, reserved 1069056K
  class space    used 2452K, capacity 2582K, committed 2688K, reserved 1048576K
}

